2026-05-25 11:25:27,755 INFO o.a.j.u.JMeterUtils: Setting Locale to en_EN
2026-05-25 11:25:27,815 INFO o.a.j.JMeter: Loading user properties from: D:\Jmeter_Tools\apache-jmeter-5.6.3\bin\user.properties
2026-05-25 11:25:27,820 INFO o.a.j.JMeter: Loading system properties from: D:\Jmeter_Tools\apache-jmeter-5.6.3\bin\system.properties
2026-05-25 11:25:27,839 INFO o.a.j.JMeter: Copyright (c) 1998-2024 The Apache Software Foundation
2026-05-25 11:25:27,839 INFO o.a.j.JMeter: Version 5.6.3
2026-05-25 11:25:27,839 INFO o.a.j.JMeter: java.version=21.0.1
2026-05-25 11:25:27,839 INFO o.a.j.JMeter: java.vm.name=Java HotSpot(TM) 64-Bit Server VM
2026-05-25 11:25:27,839 INFO o.a.j.JMeter: os.name=Windows 11
2026-05-25 11:25:27,841 INFO o.a.j.JMeter: os.arch=amd64
2026-05-25 11:25:27,841 INFO o.a.j.JMeter: os.version=10.0
2026-05-25 11:25:27,841 INFO o.a.j.JMeter: file.encoding=UTF-8
2026-05-25 11:25:27,841 INFO o.a.j.JMeter: java.awt.headless=true
2026-05-25 11:25:27,841 INFO o.a.j.JMeter: Max memory     =1073741824
2026-05-25 11:25:27,841 INFO o.a.j.JMeter: Available Processors =12
2026-05-25 11:25:27,867 INFO o.a.j.JMeter: Default Locale=English (EN)
2026-05-25 11:25:27,868 INFO o.a.j.JMeter: JMeter  Locale=English (EN)
2026-05-25 11:25:27,868 INFO o.a.j.JMeter: JMeterHome=D:\Jmeter_Tools\apache-jmeter-5.6.3
2026-05-25 11:25:27,868 INFO o.a.j.JMeter: user.dir  =D:\AIVS\Latest\Notes_1_grid_humanized
2026-05-25 11:25:27,868 INFO o.a.j.JMeter: PWD       =D:\AIVS\Latest\Notes_1_grid_humanized
2026-05-25 11:25:27,870 INFO o.a.j.JMeter: IP: 10.69.119.22 Name: Nilanjana FullName: Nilanjana
2026-05-25 11:25:27,902 INFO o.a.j.s.FileServer: Default base='D:\AIVS\Latest\Notes_1_grid_humanized'
2026-05-25 11:25:27,911 INFO o.a.j.s.FileServer: Set new base='D:\AIVS\Latest\Notes_1_grid_humanized\performance\jmeter\testplans'
2026-05-25 11:25:28,287 INFO o.a.j.s.SaveService: Testplan (JMX) version: 2.2. Testlog (JTL) version: 2.2
2026-05-25 11:25:28,374 INFO o.a.j.s.SaveService: Using SaveService properties version 5.0
2026-05-25 11:25:28,381 INFO o.a.j.s.SaveService: Using SaveService properties file encoding UTF-8
2026-05-25 11:25:28,390 INFO o.a.j.s.SaveService: Loading file: performance\jmeter\testplans\testplan.jmx
2026-05-25 11:25:28,522 INFO o.a.j.p.h.s.HTTPSamplerBase: Parser for text/html is org.apache.jmeter.protocol.http.parser.LagartoBasedHtmlParser
2026-05-25 11:25:28,522 INFO o.a.j.p.h.s.HTTPSamplerBase: Parser for application/xhtml+xml is org.apache.jmeter.protocol.http.parser.LagartoBasedHtmlParser
2026-05-25 11:25:28,522 INFO o.a.j.p.h.s.HTTPSamplerBase: Parser for application/xml is org.apache.jmeter.protocol.http.parser.LagartoBasedHtmlParser
2026-05-25 11:25:28,522 INFO o.a.j.p.h.s.HTTPSamplerBase: Parser for text/xml is org.apache.jmeter.protocol.http.parser.LagartoBasedHtmlParser
2026-05-25 11:25:28,522 INFO o.a.j.p.h.s.HTTPSamplerBase: Parser for text/vnd.wap.wml is org.apache.jmeter.protocol.http.parser.RegexpHTMLParser
2026-05-25 11:25:28,522 INFO o.a.j.p.h.s.HTTPSamplerBase: Parser for text/css is org.apache.jmeter.protocol.http.parser.CssParser
2026-05-25 11:25:28,557 INFO o.a.j.JMeter: Creating summariser <summary>
2026-05-25 11:25:28,610 INFO o.a.j.e.StandardJMeterEngine: Running the test!
2026-05-25 11:25:28,610 INFO o.a.j.s.SampleEvent: List of sample_variables: []
2026-05-25 11:25:28,610 INFO o.a.j.s.SampleEvent: List of sample_variables: []
2026-05-25 11:25:28,620 INFO o.a.j.e.u.CompoundVariable: Note: Function class names must contain the string: '.functions.'
2026-05-25 11:25:28,620 INFO o.a.j.e.u.CompoundVariable: Note: Function class names must not contain the string: '.gui.'
2026-05-25 11:25:28,778 INFO o.a.j.JMeter: Running test (1779688528772)
2026-05-25 11:25:28,808 INFO o.a.j.e.StandardJMeterEngine: Starting ThreadGroup: 1 : 10 Virtual Users
2026-05-25 11:25:28,808 INFO o.a.j.e.StandardJMeterEngine: Starting 10 threads for group 10 Virtual Users.
2026-05-25 11:25:28,808 INFO o.a.j.e.StandardJMeterEngine: Thread will continue on error
2026-05-25 11:25:28,813 INFO o.a.j.t.ThreadGroup: Starting thread group... number=1 threads=10 ramp-up=5 delayedStart=false
2026-05-25 11:25:28,826 INFO o.a.j.t.JMeterThread: Thread started: 10 Virtual Users 1-1
2026-05-25 11:25:28,829 INFO o.a.j.t.ThreadGroup: Started thread group number 1
2026-05-25 11:25:28,830 INFO o.a.j.e.StandardJMeterEngine: All thread groups have been started
2026-05-25 11:25:28,877 INFO o.a.j.p.h.s.HTTPHCAbstractImpl: Local host = Nilanjana
2026-05-25 11:25:28,898 INFO o.a.j.p.h.s.HTTPHC4Impl: HTTP request retry count = 0
2026-05-25 11:25:28,904 INFO o.a.j.s.SampleResult: Note: Sample TimeStamps are START times
2026-05-25 11:25:28,904 INFO o.a.j.s.SampleResult: sampleresult.default.encoding is set to UTF-8
2026-05-25 11:25:28,904 INFO o.a.j.s.SampleResult: sampleresult.useNanoTime=true
2026-05-25 11:25:28,904 INFO o.a.j.s.SampleResult: sampleresult.nanoThreadSleep=5000
2026-05-25 11:25:29,320 INFO o.a.j.t.JMeterThread: Thread started: 10 Virtual Users 1-2
2026-05-25 11:25:29,477 INFO o.a.j.p.h.s.h.LazyLayeredConnectionSocketFactory: Setting up HTTPS TrustAll Socket Factory
2026-05-25 11:25:29,495 INFO o.a.j.u.JsseSSLManager: Using default SSL protocol: TLS
2026-05-25 11:25:29,495 INFO o.a.j.u.JsseSSLManager: SSL session context: per-thread
2026-05-25 11:25:29,741 INFO o.a.j.u.SSLManager: JmeterKeyStore Location:  type JKS
2026-05-25 11:25:29,753 INFO o.a.j.u.SSLManager: KeyStore created OK
2026-05-25 11:25:29,754 WARN o.a.j.u.SSLManager: Keystore file not found, loading empty keystore
2026-05-25 11:25:29,818 INFO o.a.j.t.JMeterThread: Thread started: 10 Virtual Users 1-3
2026-05-25 11:25:30,317 INFO o.a.j.t.JMeterThread: Thread started: 10 Virtual Users 1-4
2026-05-25 11:25:30,815 INFO o.a.j.t.JMeterThread: Thread started: 10 Virtual Users 1-5
2026-05-25 11:25:30,933 INFO o.a.j.r.Summariser: summary +      1 in 00:00:02 =    0.5/s Avg:  1875 Min:  1875 Max:  1875 Err:     0 (0.00%) Active: 5 Started: 5 Finished: 0
2026-05-25 11:25:31,314 INFO o.a.j.t.JMeterThread: Thread started: 10 Virtual Users 1-6
2026-05-25 11:25:31,816 INFO o.a.j.t.JMeterThread: Thread started: 10 Virtual Users 1-7
2026-05-25 11:25:32,315 INFO o.a.j.t.JMeterThread: Thread started: 10 Virtual Users 1-8
2026-05-25 11:25:32,814 INFO o.a.j.t.JMeterThread: Thread started: 10 Virtual Users 1-9
2026-05-25 11:25:33,326 INFO o.a.j.t.JMeterThread: Thread started: 10 Virtual Users 1-10
2026-05-25 11:25:58,837 INFO o.a.j.t.JMeterThread: Stopping because end time detected by thread: 10 Virtual Users 1-2
2026-05-25 11:25:58,837 INFO o.a.j.t.JMeterThread: Thread finished: 10 Virtual Users 1-2
2026-05-25 11:25:58,837 INFO o.a.j.t.JMeterThread: Stopping because end time detected by thread: 10 Virtual Users 1-1
2026-05-25 11:25:58,837 INFO o.a.j.t.JMeterThread: Thread finished: 10 Virtual Users 1-1
2026-05-25 11:25:58,950 INFO o.a.j.t.JMeterThread: Stopping because end time detected by thread: 10 Virtual Users 1-3
2026-05-25 11:25:58,950 INFO o.a.j.t.JMeterThread: Thread finished: 10 Virtual Users 1-3
2026-05-25 11:25:59,271 INFO o.a.j.t.JMeterThread: Stopping because end time detected by thread: 10 Virtual Users 1-6
2026-05-25 11:25:59,271 INFO o.a.j.t.JMeterThread: Thread finished: 10 Virtual Users 1-6
2026-05-25 11:25:59,284 INFO o.a.j.t.JMeterThread: Stopping because end time detected by thread: 10 Virtual Users 1-9
2026-05-25 11:25:59,284 INFO o.a.j.t.JMeterThread: Thread finished: 10 Virtual Users 1-9
2026-05-25 11:25:59,292 INFO o.a.j.t.JMeterThread: Stopping because end time detected by thread: 10 Virtual Users 1-4
2026-05-25 11:25:59,292 INFO o.a.j.t.JMeterThread: Thread finished: 10 Virtual Users 1-4
2026-05-25 11:25:59,316 INFO o.a.j.t.JMeterThread: Stopping because end time detected by thread: 10 Virtual Users 1-7
2026-05-25 11:25:59,316 INFO o.a.j.t.JMeterThread: Thread finished: 10 Virtual Users 1-7
2026-05-25 11:25:59,720 INFO o.a.j.t.JMeterThread: Stopping because end time detected by thread: 10 Virtual Users 1-5
2026-05-25 11:25:59,720 INFO o.a.j.t.JMeterThread: Thread finished: 10 Virtual Users 1-5
2026-05-25 11:25:59,732 INFO o.a.j.t.JMeterThread: Stopping because end time detected by thread: 10 Virtual Users 1-10
2026-05-25 11:25:59,732 INFO o.a.j.t.JMeterThread: Thread finished: 10 Virtual Users 1-10
2026-05-25 11:25:59,733 INFO o.a.j.t.JMeterThread: Stopping because end time detected by thread: 10 Virtual Users 1-8
2026-05-25 11:25:59,733 INFO o.a.j.t.JMeterThread: Thread finished: 10 Virtual Users 1-8
2026-05-25 11:25:59,733 INFO o.a.j.e.StandardJMeterEngine: Notifying test listeners of end of test
2026-05-25 11:25:59,735 INFO o.a.j.r.Summariser: summary +    280 in 00:00:29 =    9.7/s Avg:   999 Min:   514 Max:  1867 Err:     0 (0.00%) Active: 0 Started: 10 Finished: 10
2026-05-25 11:25:59,736 INFO o.a.j.r.Summariser: summary =    281 in 00:00:31 =    9.1/s Avg:  1003 Min:   514 Max:  1875 Err:     0 (0.00%)
