2026-05-25 11:29:10,292 INFO o.a.j.u.JMeterUtils: Setting Locale to en_EN
2026-05-25 11:29:10,340 INFO o.a.j.JMeter: Loading user properties from: D:\Jmeter_Tools\apache-jmeter-5.6.3\bin\user.properties
2026-05-25 11:29:10,340 INFO o.a.j.JMeter: Loading system properties from: D:\Jmeter_Tools\apache-jmeter-5.6.3\bin\system.properties
2026-05-25 11:29:10,355 INFO o.a.j.JMeter: Copyright (c) 1998-2024 The Apache Software Foundation
2026-05-25 11:29:10,355 INFO o.a.j.JMeter: Version 5.6.3
2026-05-25 11:29:10,355 INFO o.a.j.JMeter: java.version=21.0.1
2026-05-25 11:29:10,355 INFO o.a.j.JMeter: java.vm.name=Java HotSpot(TM) 64-Bit Server VM
2026-05-25 11:29:10,355 INFO o.a.j.JMeter: os.name=Windows 11
2026-05-25 11:29:10,355 INFO o.a.j.JMeter: os.arch=amd64
2026-05-25 11:29:10,355 INFO o.a.j.JMeter: os.version=10.0
2026-05-25 11:29:10,355 INFO o.a.j.JMeter: file.encoding=UTF-8
2026-05-25 11:29:10,355 INFO o.a.j.JMeter: java.awt.headless=true
2026-05-25 11:29:10,355 INFO o.a.j.JMeter: Max memory     =1073741824
2026-05-25 11:29:10,355 INFO o.a.j.JMeter: Available Processors =12
2026-05-25 11:29:10,371 INFO o.a.j.JMeter: Default Locale=English (EN)
2026-05-25 11:29:10,371 INFO o.a.j.JMeter: JMeter  Locale=English (EN)
2026-05-25 11:29:10,371 INFO o.a.j.JMeter: JMeterHome=D:\Jmeter_Tools\apache-jmeter-5.6.3
2026-05-25 11:29:10,371 INFO o.a.j.JMeter: user.dir  =D:\AIVS\Latest\Notes_1_grid_humanized
2026-05-25 11:29:10,371 INFO o.a.j.JMeter: PWD       =D:\AIVS\Latest\Notes_1_grid_humanized
2026-05-25 11:29:10,371 INFO o.a.j.JMeter: IP: 10.69.119.22 Name: Nilanjana FullName: Nilanjana
2026-05-25 11:29:10,402 INFO o.a.j.JMeter: Setting property 'jmeter.reportgenerator.outputdir' to:'D:\AIVS\Latest\Notes_1_grid_humanized\performance\jmeter\results\html-report'
2026-05-25 11:29:10,402 INFO o.a.j.r.d.ReportGenerator: ReportGenerator will use for Parsing the separator: ','
2026-05-25 11:29:10,402 INFO o.a.j.r.d.ReportGenerator: Will only generate report from results file: performance/jmeter/results/results.jtl
2026-05-25 11:29:10,402 INFO o.a.j.r.d.ReportGenerator: Reading report generator properties from: D:\Jmeter_Tools\apache-jmeter-5.6.3\bin\reportgenerator.properties
2026-05-25 11:29:10,402 INFO o.a.j.r.d.ReportGenerator: Merging with JMeter properties
2026-05-25 11:29:10,418 INFO o.a.j.r.c.ReportGeneratorConfiguration: Property 'jmeter.reportgenerator.temp_dir' not found, using default value 'temp' instead.
2026-05-25 11:29:10,418 INFO o.a.j.r.c.ReportGeneratorConfiguration: Property 'jmeter.reportgenerator.apdex_per_transaction' not found, using default value 'null' instead.
2026-05-25 11:29:10,434 INFO o.a.j.r.c.ReportGeneratorConfiguration: apdex_per_transaction is empty, not APDEX per transaction customization
2026-05-25 11:29:10,434 INFO o.a.j.r.c.ReportGeneratorConfiguration: Property 'jmeter.reportgenerator.sample_filter' not found, using default value 'null' instead.
2026-05-25 11:29:10,434 INFO o.a.j.r.c.ReportGeneratorConfiguration: Property 'jmeter.reportgenerator.report_title' not found, using default value 'null' instead.
2026-05-25 11:29:10,434 INFO o.a.j.r.c.ReportGeneratorConfiguration: Property 'jmeter.reportgenerator.start_date' not found, using default value 'null' instead.
2026-05-25 11:29:10,434 INFO o.a.j.r.c.ReportGeneratorConfiguration: Property 'jmeter.reportgenerator.end_date' not found, using default value 'null' instead.
2026-05-25 11:29:10,449 INFO o.a.j.r.c.ReportGeneratorConfiguration: Property 'jmeter.reportgenerator.date_format' not found, using default value 'null' instead.
2026-05-25 11:29:10,449 INFO o.a.j.r.c.ReportGeneratorConfiguration: Will use date range start date: null, end date: null
2026-05-25 11:29:10,449 INFO o.a.j.r.c.ReportGeneratorConfiguration: Property 'jmeter.reportgenerator.graph.totalTPS.exclude_controllers' not found, using default value 'false' instead.
2026-05-25 11:29:10,449 INFO o.a.j.r.c.ReportGeneratorConfiguration: Property 'jmeter.reportgenerator.graph.activeThreadsOverTime.exclude_controllers' not found, using default value 'false' instead.
2026-05-25 11:29:10,449 INFO o.a.j.r.c.ReportGeneratorConfiguration: Property 'jmeter.reportgenerator.graph.timeVsThreads.exclude_controllers' not found, using default value 'false' instead.
2026-05-25 11:29:10,449 INFO o.a.j.r.c.ReportGeneratorConfiguration: Property 'jmeter.reportgenerator.graph.responseTimeDistribution.exclude_controllers' not found, using default value 'false' instead.
2026-05-25 11:29:10,449 INFO o.a.j.r.c.ReportGeneratorConfiguration: Property 'jmeter.reportgenerator.graph.transactionsPerSecond.exclude_controllers' not found, using default value 'false' instead.
2026-05-25 11:29:10,449 INFO o.a.j.r.c.ReportGeneratorConfiguration: Property 'jmeter.reportgenerator.graph.responseTimePercentiles.exclude_controllers' not found, using default value 'false' instead.
2026-05-25 11:29:10,449 INFO o.a.j.r.c.ReportGeneratorConfiguration: Property 'jmeter.reportgenerator.graph.responseTimePercentilesOverTime.exclude_controllers' not found, using default value 'false' instead.
2026-05-25 11:29:10,449 INFO o.a.j.r.c.ReportGeneratorConfiguration: Property 'jmeter.reportgenerator.graph.responseTimesOverTime.exclude_controllers' not found, using default value 'false' instead.
2026-05-25 11:29:10,449 INFO o.a.j.r.c.ReportGeneratorConfiguration: Property 'jmeter.reportgenerator.graph.connectTimeOverTime.exclude_controllers' not found, using default value 'false' instead.
2026-05-25 11:29:10,449 INFO o.a.j.r.c.ReportGeneratorConfiguration: Property 'jmeter.reportgenerator.graph.latenciesOverTime.exclude_controllers' not found, using default value 'false' instead.
2026-05-25 11:29:10,449 INFO o.a.j.r.c.ReportGeneratorConfiguration: Property 'jmeter.reportgenerator.exporter.json.filters_only_sample_series' not found, using default value 'true' instead.
2026-05-25 11:29:10,449 INFO o.a.j.r.c.ReportGeneratorConfiguration: Property 'jmeter.reportgenerator.exporter.json.series_filter' not found, using default value '' instead.
2026-05-25 11:29:10,449 INFO o.a.j.r.c.ReportGeneratorConfiguration: Property 'jmeter.reportgenerator.exporter.json.show_controllers_only' not found, using default value 'false' instead.
2026-05-25 11:29:10,449 INFO o.a.j.r.c.ReportGeneratorConfiguration: Property 'jmeter.reportgenerator.exporter.html.filters_only_sample_series' not found, using default value 'true' instead.
2026-05-25 11:29:10,449 INFO o.a.j.r.c.ReportGeneratorConfiguration: Property 'jmeter.reportgenerator.exporter.html.series_filter' not found, using default value '' instead.
2026-05-25 11:29:10,449 INFO o.a.j.r.c.ReportGeneratorConfiguration: Property 'jmeter.reportgenerator.exporter.html.show_controllers_only' not found, using default value 'false' instead.
2026-05-25 11:29:10,827 INFO o.a.j.s.SaveService: Testplan (JMX) version: 2.2. Testlog (JTL) version: 2.2
2026-05-25 11:29:10,895 INFO o.a.j.s.SaveService: Using SaveService properties version 5.0
2026-05-25 11:29:10,901 INFO o.a.j.s.SaveService: Using SaveService properties file encoding UTF-8
2026-05-25 11:29:10,939 INFO o.a.j.r.p.NormalizerSampleConsumer: Using format, 'ms', to parse timeStamp field
2026-05-25 11:29:11,176 INFO o.a.j.r.p.AbstractSampleConsumer: class org.apache.jmeter.report.processor.AggregateConsumer#stopProducing(): beginDate produced 0 samples
2026-05-25 11:29:11,176 INFO o.a.j.r.p.AbstractSampleConsumer: class org.apache.jmeter.report.processor.AggregateConsumer#stopProducing(): endDate produced 0 samples
2026-05-25 11:29:11,186 INFO o.a.j.r.p.AbstractSampleConsumer: class org.apache.jmeter.report.processor.ApdexSummaryConsumer#stopProducing(): apdexSummary produced 0 samples
2026-05-25 11:29:11,186 INFO o.a.j.r.p.AbstractSampleConsumer: class org.apache.jmeter.report.processor.RequestsSummaryConsumer#stopProducing(): requestsSummary produced 0 samples
2026-05-25 11:29:11,196 INFO o.a.j.r.p.AbstractSampleConsumer: class org.apache.jmeter.report.processor.StatisticsSummaryConsumer#stopProducing(): statisticsSummary produced 0 samples
2026-05-25 11:29:11,201 INFO o.a.j.r.p.AbstractSampleConsumer: class org.apache.jmeter.report.processor.Top5ErrorsBySamplerConsumer#stopProducing(): top5ErrorsBySampler produced 0 samples
2026-05-25 11:29:11,201 INFO o.a.j.r.p.AbstractSampleConsumer: class org.apache.jmeter.report.processor.ErrorsSummaryConsumer#stopProducing(): errorsSummary produced 0 samples
2026-05-25 11:29:11,201 INFO o.a.j.r.p.AbstractSampleConsumer: class org.apache.jmeter.report.processor.graph.impl.HitsPerSecondGraphConsumer#stopProducing(): hitsPerSecond produced 0 samples
2026-05-25 11:29:11,256 INFO o.a.j.r.p.AbstractSampleConsumer: class org.apache.jmeter.report.processor.graph.impl.LatencyVSRequestGraphConsumer#stopProducing(): latencyVsRequest produced 0 samples
2026-05-25 11:29:11,258 INFO o.a.j.r.p.AbstractSampleConsumer: class org.apache.jmeter.report.processor.graph.impl.SyntheticResponseTimeDistributionGraphConsumer#stopProducing(): syntheticResponseTimeDistribution produced 0 samples
2026-05-25 11:29:11,259 INFO o.a.j.r.p.AbstractSampleConsumer: class org.apache.jmeter.report.processor.graph.impl.BytesThroughputGraphConsumer#stopProducing(): bytesThroughputOverTime produced 0 samples
2026-05-25 11:29:11,260 INFO o.a.j.r.p.AbstractSampleConsumer: class org.apache.jmeter.report.processor.graph.impl.CodesPerSecondGraphConsumer#stopProducing(): codesPerSecond produced 0 samples
2026-05-25 11:29:11,273 INFO o.a.j.r.p.AbstractSampleConsumer: class org.apache.jmeter.report.processor.graph.impl.ResponseTimeVSRequestGraphConsumer#stopProducing(): responseTimeVsRequest produced 0 samples
2026-05-25 11:29:11,275 INFO o.a.j.r.p.AbstractSampleConsumer: class org.apache.jmeter.report.processor.FilterConsumer#stopProducing(): startIntervalControlerFilter produced 1967 samples
2026-05-25 11:29:11,275 INFO o.a.j.r.p.AbstractSampleConsumer: class org.apache.jmeter.report.processor.graph.impl.TotalTPSGraphConsumer#stopProducing(): totalTPS produced 0 samples
2026-05-25 11:29:11,275 INFO o.a.j.r.p.AbstractSampleConsumer: class org.apache.jmeter.report.processor.graph.impl.ActiveThreadsGraphConsumer#stopProducing(): activeThreadsOverTime produced 0 samples
2026-05-25 11:29:11,275 INFO o.a.j.r.p.AbstractSampleConsumer: class org.apache.jmeter.report.processor.graph.impl.TimeVSThreadGraphConsumer#stopProducing(): timeVsThreads produced 0 samples
2026-05-25 11:29:11,275 INFO o.a.j.r.p.AbstractSampleConsumer: class org.apache.jmeter.report.processor.graph.impl.ResponseTimeDistributionGraphConsumer#stopProducing(): responseTimeDistribution produced 0 samples
2026-05-25 11:29:11,275 INFO o.a.j.r.p.AbstractSampleConsumer: class org.apache.jmeter.report.processor.graph.impl.TransactionsPerSecondGraphConsumer#stopProducing(): transactionsPerSecond produced 0 samples
2026-05-25 11:29:11,275 INFO o.a.j.r.p.AbstractSampleConsumer: class org.apache.jmeter.report.processor.graph.impl.ResponseTimePercentilesGraphConsumer#stopProducing(): responseTimePercentiles produced 0 samples
2026-05-25 11:29:11,278 INFO o.a.j.r.p.AbstractSampleConsumer: class org.apache.jmeter.report.processor.graph.impl.ResponseTimePercentilesOverTimeGraphConsumer#stopProducing(): responseTimePercentilesOverTime produced 0 samples
2026-05-25 11:29:11,280 INFO o.a.j.r.p.AbstractSampleConsumer: class org.apache.jmeter.report.processor.graph.impl.ResponseTimeOverTimeGraphConsumer#stopProducing(): responseTimesOverTime produced 0 samples
2026-05-25 11:29:11,280 INFO o.a.j.r.p.AbstractSampleConsumer: class org.apache.jmeter.report.processor.graph.impl.ConnectTimeOverTimeGraphConsumer#stopProducing(): connectTimeOverTime produced 0 samples
2026-05-25 11:29:11,280 INFO o.a.j.r.p.AbstractSampleConsumer: class org.apache.jmeter.report.processor.graph.impl.LatencyOverTimeGraphConsumer#stopProducing(): latenciesOverTime produced 0 samples
2026-05-25 11:29:11,280 INFO o.a.j.r.p.AbstractSampleConsumer: class org.apache.jmeter.report.processor.FilterConsumer#stopProducing(): nameFilter produced 4215 samples
2026-05-25 11:29:11,280 INFO o.a.j.r.p.AbstractSampleConsumer: class org.apache.jmeter.report.processor.FilterConsumer#stopProducing(): dateRangeFilter produced 843 samples
2026-05-25 11:29:11,280 INFO o.a.j.r.p.AbstractSampleConsumer: class org.apache.jmeter.report.processor.NormalizerSampleConsumer#stopProducing(): normalizer produced 281 samples
2026-05-25 11:29:11,280 INFO o.a.j.r.p.CsvFileSampleSource: produce(): 281 samples produced in 287ms on channel 0
2026-05-25 11:29:11,280 INFO o.a.j.r.d.ReportGenerator: Exporting data using exporter:'json' of className:'org.apache.jmeter.report.dashboard.JsonExporter'
2026-05-25 11:29:11,466 INFO o.a.j.r.d.JsonExporter: Found data for consumer statisticsSummary in context
2026-05-25 11:29:11,466 INFO o.a.j.r.d.JsonExporter: Creating statistics for overall
2026-05-25 11:29:11,467 INFO o.a.j.r.d.JsonExporter: Creating statistics for other transactions
2026-05-25 11:29:11,468 INFO o.a.j.r.d.JsonExporter: Checking output folder
2026-05-25 11:29:11,468 INFO o.a.j.r.d.JsonExporter: Writing statistics JSON to D:\AIVS\Latest\Notes_1_grid_humanized\performance\jmeter\results\html-report\statistics.json
2026-05-25 11:29:11,551 INFO o.a.j.r.d.ReportGenerator: Exporting data using exporter:'html' of className:'org.apache.jmeter.report.dashboard.HtmlTemplateExporter'
2026-05-25 11:29:11,557 INFO o.a.j.r.d.HtmlTemplateExporter: Will generate dashboard in folder: D:\AIVS\Latest\Notes_1_grid_humanized\performance\jmeter\results\html-report
2026-05-25 11:29:11,814 INFO o.a.j.r.d.HtmlTemplateExporter: Report will be generated in: D:\AIVS\Latest\Notes_1_grid_humanized\performance\jmeter\results\html-report, creating folder structure
2026-05-25 11:29:11,819 INFO o.a.j.r.d.TemplateVisitor: Copying folder from 'D:\Jmeter_Tools\apache-jmeter-5.6.3\bin\report-template' to 'D:\AIVS\Latest\Notes_1_grid_humanized\performance\jmeter\results\html-report', got message: D:\AIVS\Latest\Notes_1_grid_humanized\performance\jmeter\results\html-report, found non empty folder with following content [D:\AIVS\Latest\Notes_1_grid_humanized\performance\jmeter\results\html-report\statistics.json], will be ignored
